2025-08-13 15:34:45,256 - ERROR - Error fetching data for USDCNH. Data: . Error: Network connection failed for USDCNH: HTTPSConnectionPool(host='hq.sinajs.cn', port=443): Max retries exceeded with url: /list=fx_susdcnh (Caused by SSLError(SSLEOFError(8, '[SSL: UNEXPECTED_EOF_WHILE_READING] EOF occurred in violation of protocol (_ssl.c:1028)')))
2025-08-13 15:35:00,349 - ERROR - Error fetching data for USDCNH. Data: . Error: Network connection failed for USDCNH: HTTPSConnectionPool(host='hq.sinajs.cn', port=443): Max retries exceeded with url: /list=fx_susdcnh (Caused by SSLError(SSLEOFError(8, '[SSL: UNEXPECTED_EOF_WHILE_READING] EOF occurred in violation of protocol (_ssl.c:1028)')))
2025-08-13 16:08:12,016 - ERROR - Error fetching data for USDCNH. Data: . Error: Network connection failed for USDCNH: HTTPSConnectionPool(host='hq.sinajs.cn', port=443): Max retries exceeded with url: /list=fx_susdcnh (Caused by SSLError(SSLEOFError(8, '[SSL: UNEXPECTED_EOF_WHILE_READING] EOF occurred in violation of protocol (_ssl.c:1028)')))
2025-08-13 16:08:31,723 - ERROR - Error fetching data for USDCNH. Data: . Error: Request error: HTTPSConnectionPool(host='hq.sinajs.cn', port=443): Max retries exceeded with url: /list=fx_susdcnh (Caused by SSLError(SSLEOFError(8, '[SSL: UNEXPECTED_EOF_WHILE_READING] EOF occurred in violation of protocol (_ssl.c:1028)')))
2025-08-13 16:08:44,650 - ERROR - Error fetching data for USDCNH. Data: . Error: Request error: HTTPSConnectionPool(host='hq.sinajs.cn', port=443): Max retries exceeded with url: /list=fx_susdcnh (Caused by SSLError(SSLEOFError(8, '[SSL: UNEXPECTED_EOF_WHILE_READING] EOF occurred in violation of protocol (_ssl.c:1028)')))
2025-08-13 16:22:22,937 - ERROR - Error fetching data for USDCNH. Data: . Error: Request error: HTTPSConnectionPool(host='hq.sinajs.cn', port=443): Max retries exceeded with url: /list=fx_susdcnh (Caused by SSLError(SSLEOFError(8, '[SSL: UNEXPECTED_EOF_WHILE_READING] EOF occurred in violation of protocol (_ssl.c:1028)')))
2025-08-13 16:22:33,183 - ERROR - Error fetching data for USDCNH. Data: . Error: Request error: HTTPSConnectionPool(host='hq.sinajs.cn', port=443): Max retries exceeded with url: /list=fx_susdcnh (Caused by SSLError(SSLEOFError(8, '[SSL: UNEXPECTED_EOF_WHILE_READING] EOF occurred in violation of protocol (_ssl.c:1028)')))
2025-08-13 16:25:49,886 - ERROR - Error fetching data for USDCNH. Data: . Error: Request error: HTTPSConnectionPool(host='hq.sinajs.cn', port=443): Max retries exceeded with url: /list=fx_susdcnh (Caused by SSLError(SSLEOFError(8, '[SSL: UNEXPECTED_EOF_WHILE_READING] EOF occurred in violation of protocol (_ssl.c:1028)')))
2025-08-13 16:25:59,517 - ERROR - Error fetching data for USDCNH. Data: . Error: Request error: HTTPSConnectionPool(host='hq.sinajs.cn', port=443): Max retries exceeded with url: /list=fx_susdcnh (Caused by SSLError(SSLEOFError(8, '[SSL: UNEXPECTED_EOF_WHILE_READING] EOF occurred in violation of protocol (_ssl.c:1028)')))
2025-08-13 16:26:16,685 - ERROR - Error fetching data for USDCNH. Data: . Error: Request error: HTTPSConnectionPool(host='hq.sinajs.cn', port=443): Max retries exceeded with url: /list=fx_susdcnh (Caused by SSLError(SSLEOFError(8, '[SSL: UNEXPECTED_EOF_WHILE_READING] EOF occurred in violation of protocol (_ssl.c:1028)')))
2025-08-14 08:17:23,084 - ERROR - Error fetching data for USDCNH. Data: . Error: Network connection failed for USDCNH: HTTPSConnectionPool(host='hq.sinajs.cn', port=443): Max retries exceeded with url: /list=fx_susdcnh (Caused by NameResolutionError("<urllib3.connection.HTTPSConnection object at 0x0000018BC35C5450>: Failed to resolve 'hq.sinajs.cn' ([Errno 11001] getaddrinfo failed)"))
2025-08-14 09:31:37,763 - ERROR - Error fetching data for USDCNH. Data: . Error: Request error: HTTPSConnectionPool(host='hq.sinajs.cn', port=443): Max retries exceeded with url: /list=fx_susdcnh (Caused by NameResolutionError("<urllib3.connection.HTTPSConnection object at 0x00000222D4FACF50>: Failed to resolve 'hq.sinajs.cn' ([Errno 11001] getaddrinfo failed)"))
2025-08-14 09:32:08,887 - ERROR - Error fetching data for USDCNH. Data: . Error: Request error: HTTPSConnectionPool(host='hq.sinajs.cn', port=443): Max retries exceeded with url: /list=fx_susdcnh (Caused by NameResolutionError("<urllib3.connection.HTTPSConnection object at 0x00000222D4FAE710>: Failed to resolve 'hq.sinajs.cn' ([Errno 11001] getaddrinfo failed)"))
2025-08-14 09:32:40,054 - ERROR - Error fetching data for USDCNH. Data: . Error: Request error: HTTPSConnectionPool(host='hq.sinajs.cn', port=443): Max retries exceeded with url: /list=fx_susdcnh (Caused by NameResolutionError("<urllib3.connection.HTTPSConnection object at 0x00000222D4FAED50>: Failed to resolve 'hq.sinajs.cn' ([Errno 11001] getaddrinfo failed)"))
2025-08-14 09:33:11,181 - ERROR - Error fetching data for USDCNH. Data: . Error: Request error: HTTPSConnectionPool(host='hq.sinajs.cn', port=443): Max retries exceeded with url: /list=fx_susdcnh (Caused by NameResolutionError("<urllib3.connection.HTTPSConnection object at 0x00000222D4FAE210>: Failed to resolve 'hq.sinajs.cn' ([Errno 11001] getaddrinfo failed)"))
2025-08-14 09:33:42,331 - ERROR - Error fetching data for USDCNH. Data: . Error: Request error: HTTPSConnectionPool(host='hq.sinajs.cn', port=443): Max retries exceeded with url: /list=fx_susdcnh (Caused by NameResolutionError("<urllib3.connection.HTTPSConnection object at 0x00000222D4FAEE90>: Failed to resolve 'hq.sinajs.cn' ([Errno 11001] getaddrinfo failed)"))
2025-08-14 09:34:13,497 - ERROR - Error fetching data for USDCNH. Data: . Error: Request error: HTTPSConnectionPool(host='hq.sinajs.cn', port=443): Max retries exceeded with url: /list=fx_susdcnh (Caused by NameResolutionError("<urllib3.connection.HTTPSConnection object at 0x00000222D4FACE10>: Failed to resolve 'hq.sinajs.cn' ([Errno 11001] getaddrinfo failed)"))
2025-08-14 09:34:44,658 - ERROR - Error fetching data for USDCNH. Data: . Error: Request error: HTTPSConnectionPool(host='hq.sinajs.cn', port=443): Max retries exceeded with url: /list=fx_susdcnh (Caused by NameResolutionError("<urllib3.connection.HTTPSConnection object at 0x00000222D4FACA50>: Failed to resolve 'hq.sinajs.cn' ([Errno 11001] getaddrinfo failed)"))
2025-08-14 09:35:04,534 - ERROR - Error fetching data for USDCNH. Data: . Error: Request error: HTTPSConnectionPool(host='hq.sinajs.cn', port=443): Max retries exceeded with url: /list=fx_susdcnh (Caused by NameResolutionError("<urllib3.connection.HTTPSConnection object at 0x00000222D4FAEFD0>: Failed to resolve 'hq.sinajs.cn' ([Errno 11001] getaddrinfo failed)"))
2025-08-14 09:35:18,527 - ERROR - Error fetching data for USDCNH. Data: . Error: Network connection failed for USDCNH: HTTPSConnectionPool(host='hq.sinajs.cn', port=443): Max retries exceeded with url: /list=fx_susdcnh (Caused by NameResolutionError("<urllib3.connection.HTTPSConnection object at 0x0000018C0D785590>: Failed to resolve 'hq.sinajs.cn' ([Errno 11001] getaddrinfo failed)"))
2025-08-14 09:38:51,431 - ERROR - Error fetching data for USDCNH. Data: . Error: Network connection failed for USDCNH: HTTPSConnectionPool(host='hq.sinajs.cn', port=443): Max retries exceeded with url: /list=fx_susdcnh (Caused by NameResolutionError("<urllib3.connection.HTTPSConnection object at 0x0000016A4C105450>: Failed to resolve 'hq.sinajs.cn' ([Errno 11001] getaddrinfo failed)"))
2025-08-14 09:39:11,459 - ERROR - Error fetching data for USDCNH. Data: . Error: Network connection failed for USDCNH: HTTPSConnectionPool(host='hq.sinajs.cn', port=443): Max retries exceeded with url: /list=fx_susdcnh (Caused by NameResolutionError("<urllib3.connection.HTTPSConnection object at 0x000002555F0E5450>: Failed to resolve 'hq.sinajs.cn' ([Errno 11001] getaddrinfo failed)"))
2025-08-14 09:58:12,688 - ERROR - Error fetching data for USDCNH. Data: . Error: Network connection failed for USDCNH: HTTPSConnectionPool(host='hq.sinajs.cn', port=443): Max retries exceeded with url: /list=fx_susdcnh (Caused by NameResolutionError("<urllib3.connection.HTTPSConnection object at 0x0000029AD9A45590>: Failed to resolve 'hq.sinajs.cn' ([Errno 11001] getaddrinfo failed)"))
2025-08-14 13:51:51,276 - ERROR - Error fetching data for USDCNH. Data: . Error: Network connection failed for USDCNH: HTTPSConnectionPool(host='hq.sinajs.cn', port=443): Max retries exceeded with url: /list=fx_susdcnh (Caused by NameResolutionError("<urllib3.connection.HTTPSConnection object at 0x0000024F41235590>: Failed to resolve 'hq.sinajs.cn' ([Errno 11001] getaddrinfo failed)"))
2025-08-14 13:56:09,697 - ERROR - Error fetching data for USDTHB. Data: . Error: Network connection failed for USDTHB: HTTPSConnectionPool(host='hq.sinajs.cn', port=443): Max retries exceeded with url: /list=fx_susdthb (Caused by NameResolutionError("<urllib3.connection.HTTPSConnection object at 0x0000020041954CD0>: Failed to resolve 'hq.sinajs.cn' ([Errno 11001] getaddrinfo failed)"))
2025-08-14 14:06:38,116 - ERROR - Error fetching data for USDCNH. Data: {'rc': 100, 'rt': 1, 'svr': 175646228, 'lt': 1, 'full': 1, 'dlmkts': '', 'data': None}. Error: 未能获取到有效的数据: USDCNH
2025-08-14 14:06:38,142 - ERROR - Error fetching data for USDCNH. Data: . Error: Request error: HTTPSConnectionPool(host='hq.sinajs.cn', port=443): Max retries exceeded with url: /list=fx_susdcnh (Caused by NameResolutionError("<urllib3.connection.HTTPSConnection object at 0x0000029BF6ED4CD0>: Failed to resolve 'hq.sinajs.cn' ([Errno 11001] getaddrinfo failed)"))
2025-08-14 14:08:32,058 - ERROR - Error fetching data for USDCNH. Data: {'rc': 100, 'rt': 1, 'svr': 177617606, 'lt': 1, 'full': 1, 'dlmkts': '', 'data': None}. Error: 未能获取到有效的数据: USDCNH
2025-08-14 14:08:32,086 - ERROR - Error fetching data for USDCNH. Data: . Error: Request error: HTTPSConnectionPool(host='hq.sinajs.cn', port=443): Max retries exceeded with url: /list=fx_susdcnh (Caused by NameResolutionError("<urllib3.connection.HTTPSConnection object at 0x000001E186D74CD0>: Failed to resolve 'hq.sinajs.cn' ([Errno 11001] getaddrinfo failed)"))
2025-08-14 14:08:47,508 - ERROR - Error fetching data for USDCNH. Data: {'rc': 100, 'rt': 1, 'svr': 177617559, 'lt': 1, 'full': 1, 'dlmkts': '', 'data': None}. Error: 未能获取到有效的数据: USDCNH
2025-08-14 14:08:47,544 - ERROR - Error fetching data for USDCNH. Data: . Error: Request error: HTTPSConnectionPool(host='hq.sinajs.cn', port=443): Max retries exceeded with url: /list=fx_susdcnh (Caused by NameResolutionError("<urllib3.connection.HTTPSConnection object at 0x000001E186D75310>: Failed to resolve 'hq.sinajs.cn' ([Errno 11001] getaddrinfo failed)"))
2025-08-14 14:12:19,695 - ERROR - Error fetching data for USDCNH. Data: {'rc': 100, 'rt': 1, 'svr': 177617623, 'lt': 1, 'full': 1, 'dlmkts': '', 'data': None}. Error: 未能获取到有效的数据: USDCNH
2025-08-14 14:12:20,751 - ERROR - Error fetching data for USDCNH. Data: . Error: Request error: HTTPSConnectionPool(host='hq.sinajs.cn', port=443): Max retries exceeded with url: /list=fx_susdcnh (Caused by SSLError(SSLEOFError(8, '[SSL: UNEXPECTED_EOF_WHILE_READING] EOF occurred in violation of protocol (_ssl.c:1028)')))
2025-08-14 14:19:00,098 - ERROR - Error fetching data for USDCNH. Data: {'rc': 100, 'rt': 1, 'svr': 181214693, 'lt': 1, 'full': 1, 'dlmkts': '', 'data': None}. Error: 未能获取到有效的数据: USDCNH
2025-08-14 14:19:13,687 - ERROR - Error fetching data for USDCNH. Data: {'rc': 100, 'rt': 1, 'svr': 181734925, 'lt': 1, 'full': 1, 'dlmkts': '', 'data': None}. Error: 未能获取到有效的数据: USDCNH
2025-08-14 14:25:09,533 - ERROR - Error fetching data for USDCNH. Data: {'rc': 100, 'rt': 1, 'svr': 183640481, 'lt': 1, 'full': 1, 'dlmkts': '', 'data': None}. Error: 未能获取到有效的数据: USDCNH
2025-08-14 14:25:26,854 - ERROR - Error fetching data for USDCNH. Data: {'rc': 100, 'rt': 1, 'svr': 183636448, 'lt': 1, 'full': 1, 'dlmkts': '', 'data': None}. Error: 未能获取到有效的数据: USDCNH
2025-08-14 14:25:47,890 - ERROR - Error fetching data for USDCNH. Data: {'rc': 100, 'rt': 1, 'svr': 183637450, 'lt': 1, 'full': 1, 'dlmkts': '', 'data': None}. Error: 未能获取到有效的数据: USDCNH
2025-08-14 14:25:49,967 - ERROR - Error fetching data for USDCNH. Data: {'rc': 100, 'rt': 1, 'svr': 183640152, 'lt': 1, 'full': 1, 'dlmkts': '', 'data': None}. Error: 未能获取到有效的数据: USDCNH
2025-08-14 14:25:52,646 - ERROR - Error fetching data for USDCNH. Data: {'rc': 100, 'rt': 1, 'svr': 183636854, 'lt': 1, 'full': 1, 'dlmkts': '', 'data': None}. Error: 未能获取到有效的数据: USDCNH
2025-08-14 14:26:25,924 - ERROR - Error fetching data for USDCNH. Data: {'rc': 100, 'rt': 1, 'svr': 183641265, 'lt': 1, 'full': 1, 'dlmkts': '', 'data': None}. Error: 未能获取到有效的数据: USDCNH
2025-08-14 14:26:26,922 - ERROR - Error fetching data for USDCNH. Data: {'rc': 100, 'rt': 1, 'svr': 183640075, 'lt': 1, 'full': 1, 'dlmkts': '', 'data': None}. Error: 未能获取到有效的数据: USDCNH
2025-08-14 14:26:27,970 - ERROR - Error fetching data for USDCNH. Data: {'rc': 100, 'rt': 1, 'svr': 183637262, 'lt': 1, 'full': 1, 'dlmkts': '', 'data': None}. Error: 未能获取到有效的数据: USDCNH
2025-08-14 14:27:01,225 - ERROR - Error fetching data for USDCNH. Data: {'rc': 100, 'rt': 1, 'svr': 183640682, 'lt': 1, 'full': 1, 'dlmkts': '', 'data': None}. Error: 未能获取到有效的数据: USDCNH
2025-08-14 14:27:02,236 - ERROR - Error fetching data for USDCNH. Data: {'rc': 100, 'rt': 1, 'svr': 183640122, 'lt': 1, 'full': 1, 'dlmkts': '', 'data': None}. Error: 未能获取到有效的数据: USDCNH
2025-08-14 14:27:03,257 - ERROR - Error fetching data for USDCNH. Data: {'rc': 100, 'rt': 1, 'svr': 183641321, 'lt': 1, 'full': 1, 'dlmkts': '', 'data': None}. Error: 未能获取到有效的数据: USDCNH
2025-08-14 14:27:37,484 - ERROR - Error fetching data for USDCNH. Data: {'rc': 100, 'rt': 1, 'svr': 183636512, 'lt': 1, 'full': 1, 'dlmkts': '', 'data': None}. Error: 未能获取到有效的数据: USDCNH
2025-08-14 14:27:38,490 - ERROR - Error fetching data for USDCNH. Data: {'rc': 100, 'rt': 1, 'svr': 183637115, 'lt': 1, 'full': 1, 'dlmkts': '', 'data': None}. Error: 未能获取到有效的数据: USDCNH
2025-08-14 14:27:39,539 - ERROR - Error fetching data for USDCNH. Data: {'rc': 100, 'rt': 1, 'svr': 183636757, 'lt': 1, 'full': 1, 'dlmkts': '', 'data': None}. Error: 未能获取到有效的数据: USDCNH
2025-08-14 14:28:12,842 - ERROR - Error fetching data for USDCNH. Data: {'rc': 100, 'rt': 1, 'svr': 183636674, 'lt': 1, 'full': 1, 'dlmkts': '', 'data': None}. Error: 未能获取到有效的数据: USDCNH
2025-08-14 14:28:13,816 - ERROR - Error fetching data for USDCNH. Data: {'rc': 100, 'rt': 1, 'svr': 183637532, 'lt': 1, 'full': 1, 'dlmkts': '', 'data': None}. Error: 未能获取到有效的数据: USDCNH
2025-08-14 14:28:14,854 - ERROR - Error fetching data for USDCNH. Data: {'rc': 100, 'rt': 1, 'svr': 183636301, 'lt': 1, 'full': 1, 'dlmkts': '', 'data': None}. Error: 未能获取到有效的数据: USDCNH
2025-08-14 14:28:15,855 - ERROR - Error fetching data for USDCNH. Data: {'rc': 100, 'rt': 1, 'svr': 183640212, 'lt': 1, 'full': 1, 'dlmkts': '', 'data': None}. Error: 未能获取到有效的数据: USDCNH
2025-08-14 14:28:49,174 - ERROR - Error fetching data for USDCNH. Data: {'rc': 100, 'rt': 1, 'svr': 183636364, 'lt': 1, 'full': 1, 'dlmkts': '', 'data': None}. Error: 未能获取到有效的数据: USDCNH
2025-08-14 14:28:50,285 - ERROR - Error fetching data for USDCNH. Data: {'rc': 100, 'rt': 1, 'svr': 183640155, 'lt': 1, 'full': 1, 'dlmkts': '', 'data': None}. Error: 未能获取到有效的数据: USDCNH
2025-08-14 14:28:51,259 - ERROR - Error fetching data for USDCNH. Data: {'rc': 100, 'rt': 1, 'svr': 183636498, 'lt': 1, 'full': 1, 'dlmkts': '', 'data': None}. Error: 未能获取到有效的数据: USDCNH
2025-08-14 14:29:24,494 - ERROR - Error fetching data for USDCNH. Data: {'rc': 100, 'rt': 1, 'svr': 183636339, 'lt': 1, 'full': 1, 'dlmkts': '', 'data': None}. Error: 未能获取到有效的数据: USDCNH
2025-08-14 14:29:25,477 - ERROR - Error fetching data for USDCNH. Data: {'rc': 100, 'rt': 1, 'svr': 183637039, 'lt': 1, 'full': 1, 'dlmkts': '', 'data': None}. Error: 未能获取到有效的数据: USDCNH
2025-08-14 14:29:26,671 - ERROR - Error fetching data for USDCNH. Data: {'rc': 100, 'rt': 1, 'svr': 183636512, 'lt': 1, 'full': 1, 'dlmkts': '', 'data': None}. Error: 未能获取到有效的数据: USDCNH
2025-08-14 14:30:02,878 - ERROR - Error fetching data for USDCNH. Data: {'rc': 100, 'rt': 1, 'svr': 183636540, 'lt': 1, 'full': 1, 'dlmkts': '', 'data': None}. Error: 未能获取到有效的数据: USDCNH
2025-08-14 14:30:03,871 - ERROR - Error fetching data for USDCNH. Data: {'rc': 100, 'rt': 1, 'svr': 183640702, 'lt': 1, 'full': 1, 'dlmkts': '', 'data': None}. Error: 未能获取到有效的数据: USDCNH
2025-08-14 14:30:04,869 - ERROR - Error fetching data for USDCNH. Data: {'rc': 100, 'rt': 1, 'svr': 183636444, 'lt': 1, 'full': 1, 'dlmkts': '', 'data': None}. Error: 未能获取到有效的数据: USDCNH
2025-08-14 14:30:40,147 - ERROR - Error fetching data for USDCNH. Data: {'rc': 100, 'rt': 1, 'svr': 183641137, 'lt': 1, 'full': 1, 'dlmkts': '', 'data': None}. Error: 未能获取到有效的数据: USDCNH
2025-08-14 14:30:41,110 - ERROR - Error fetching data for USDCNH. Data: {'rc': 100, 'rt': 1, 'svr': 183636329, 'lt': 1, 'full': 1, 'dlmkts': '', 'data': None}. Error: 未能获取到有效的数据: USDCNH
2025-08-14 14:30:42,121 - ERROR - Error fetching data for USDCNH. Data: {'rc': 100, 'rt': 1, 'svr': 183641008, 'lt': 1, 'full': 1, 'dlmkts': '', 'data': None}. Error: 未能获取到有效的数据: USDCNH
2025-08-14 14:31:15,419 - ERROR - Error fetching data for USDCNH. Data: {'rc': 100, 'rt': 1, 'svr': 183640212, 'lt': 1, 'full': 1, 'dlmkts': '', 'data': None}. Error: 未能获取到有效的数据: USDCNH
2025-08-14 14:31:16,383 - ERROR - Error fetching data for USDCNH. Data: {'rc': 100, 'rt': 1, 'svr': 183636498, 'lt': 1, 'full': 1, 'dlmkts': '', 'data': None}. Error: 未能获取到有效的数据: USDCNH
2025-08-14 14:31:17,356 - ERROR - Error fetching data for USDCNH. Data: {'rc': 100, 'rt': 1, 'svr': 183640227, 'lt': 1, 'full': 1, 'dlmkts': '', 'data': None}. Error: 未能获取到有效的数据: USDCNH
2025-08-14 14:31:50,710 - ERROR - Error fetching data for USDCNH. Data: {'rc': 100, 'rt': 1, 'svr': 183636757, 'lt': 1, 'full': 1, 'dlmkts': '', 'data': None}. Error: 未能获取到有效的数据: USDCNH
2025-08-14 14:31:51,686 - ERROR - Error fetching data for USDCNH. Data: {'rc': 100, 'rt': 1, 'svr': 183640549, 'lt': 1, 'full': 1, 'dlmkts': '', 'data': None}. Error: 未能获取到有效的数据: USDCNH
2025-08-14 14:31:52,726 - ERROR - Error fetching data for USDCNH. Data: {'rc': 100, 'rt': 1, 'svr': 175646432, 'lt': 1, 'full': 1, 'dlmkts': '', 'data': None}. Error: 未能获取到有效的数据: USDCNH
2025-08-14 14:32:25,953 - ERROR - Error fetching data for USDCNH. Data: {'rc': 100, 'rt': 1, 'svr': 175642473, 'lt': 1, 'full': 1, 'dlmkts': '', 'data': None}. Error: 未能获取到有效的数据: USDCNH
2025-08-14 14:32:26,959 - ERROR - Error fetching data for USDCNH. Data: {'rc': 100, 'rt': 1, 'svr': 175646165, 'lt': 1, 'full': 1, 'dlmkts': '', 'data': None}. Error: 未能获取到有效的数据: USDCNH
2025-08-14 14:32:27,990 - ERROR - Error fetching data for USDCNH. Data: {'rc': 100, 'rt': 1, 'svr': 175644709, 'lt': 1, 'full': 1, 'dlmkts': '', 'data': None}. Error: 未能获取到有效的数据: USDCNH
2025-08-14 14:32:59,846 - ERROR - Error fetching data for USDCNH. Data: {'rc': 100, 'rt': 1, 'svr': 175643295, 'lt': 1, 'full': 1, 'dlmkts': '', 'data': None}. Error: 未能获取到有效的数据: USDCNH
2025-08-14 14:33:08,898 - ERROR - Error fetching data for USDCNH. Data: {'rc': 100, 'rt': 1, 'svr': 175646664, 'lt': 1, 'full': 1, 'dlmkts': '', 'data': None}. Error: 未能获取到有效的数据: USDCNH
2025-08-14 14:33:24,026 - ERROR - Error fetching data for USDCNH. Data: {'rc': 100, 'rt': 1, 'svr': 175642232, 'lt': 1, 'full': 1, 'dlmkts': '', 'data': None}. Error: 未能获取到有效的数据: USDCNH
2025-08-14 14:33:24,028 - ERROR - Error fetching data for USDCHN. Data: {'rc': 100, 'rt': 1, 'svr': 175646424, 'lt': 1, 'full': 1, 'dlmkts': '', 'data': None}. Error: 未能获取到有效的数据: USDCHN
2025-08-14 14:33:49,974 - ERROR - Error fetching data for USDCNH. Data: {'rc': 100, 'rt': 1, 'svr': 175647288, 'lt': 1, 'full': 1, 'dlmkts': '', 'data': None}. Error: 未能获取到有效的数据: USDCNH
2025-08-14 14:33:49,982 - ERROR - Error fetching data for USDJYP. Data: {'rc': 100, 'rt': 1, 'svr': 175640847, 'lt': 1, 'full': 1, 'dlmkts': '', 'data': None}. Error: 未能获取到有效的数据: USDJYP
2025-08-14 14:33:49,983 - ERROR - Error fetching data for USDCHN. Data: {'rc': 100, 'rt': 1, 'svr': 175646420, 'lt': 1, 'full': 1, 'dlmkts': '', 'data': None}. Error: 未能获取到有效的数据: USDCHN
2025-08-14 14:34:03,466 - ERROR - Error fetching data for USDCNH. Data: {'rc': 100, 'rt': 1, 'svr': 175642497, 'lt': 1, 'full': 1, 'dlmkts': '', 'data': None}. Error: 未能获取到有效的数据: USDCNH
2025-08-14 14:34:03,468 - ERROR - Error fetching data for USDJYP. Data: {'rc': 100, 'rt': 1, 'svr': 175646415, 'lt': 1, 'full': 1, 'dlmkts': '', 'data': None}. Error: 未能获取到有效的数据: USDJYP
2025-08-14 14:34:03,473 - ERROR - Error fetching data for USDCHN. Data: {'rc': 100, 'rt': 1, 'svr': 175646424, 'lt': 1, 'full': 1, 'dlmkts': '', 'data': None}. Error: 未能获取到有效的数据: USDCHN
2025-08-14 14:34:32,325 - ERROR - Error fetching data for USDCHN. Data: {'rc': 100, 'rt': 1, 'svr': 175646195, 'lt': 1, 'full': 1, 'dlmkts': '', 'data': None}. Error: 未能获取到有效的数据: USDCHN
2025-08-14 14:34:32,334 - ERROR - Error fetching data for USDJYP. Data: {'rc': 100, 'rt': 1, 'svr': 175646393, 'lt': 1, 'full': 1, 'dlmkts': '', 'data': None}. Error: 未能获取到有效的数据: USDJYP
2025-08-14 14:34:32,342 - ERROR - Error fetching data for USDCNH. Data: {'rc': 100, 'rt': 1, 'svr': 175646398, 'lt': 1, 'full': 1, 'dlmkts': '', 'data': None}. Error: 未能获取到有效的数据: USDCNH
2025-08-14 14:34:33,536 - ERROR - Error fetching data for USDCNH. Data: {'rc': 100, 'rt': 1, 'svr': 175640857, 'lt': 1, 'full': 1, 'dlmkts': '', 'data': None}. Error: 未能获取到有效的数据: USDCNH
2025-08-14 14:34:33,540 - ERROR - Error fetching data for USDJYP. Data: {'rc': 100, 'rt': 1, 'svr': 175640645, 'lt': 1, 'full': 1, 'dlmkts': '', 'data': None}. Error: 未能获取到有效的数据: USDJYP
2025-08-14 14:34:56,188 - ERROR - Error fetching data for USDJYP. Data: {'rc': 100, 'rt': 1, 'svr': 175646403, 'lt': 1, 'full': 1, 'dlmkts': '', 'data': None}. Error: 未能获取到有效的数据: USDJYP
2025-08-14 14:48:50,368 - ERROR - Error fetching data for USDJYP. Data: {'rc': 100, 'rt': 1, 'svr': 183124383, 'lt': 1, 'full': 1, 'dlmkts': '', 'data': None}. Error: 未能获取到有效的数据: USDJYP
2025-08-14 14:49:06,993 - ERROR - Error fetching data for USDJYP. Data: {'rc': 100, 'rt': 1, 'svr': 183124054, 'lt': 1, 'full': 1, 'dlmkts': '', 'data': None}. Error: 未能获取到有效的数据: USDJYP
